<?xml version="1.0" encoding="UTF-8"?>
<coverage generated="1669301042371" clover="3.2.0">
  <project timestamp="1669301042371" name="All files">
    <metrics statements="20" coveredstatements="20" conditionals="8" coveredconditionals="8" methods="8" coveredmethods="8" elements="36" coveredelements="36" complexity="0" loc="20" ncloc="20" packages="1" files="1" classes="1"/>
    <file name="index.ts" path="/Users/kristian.white/Projects/personal/adventofcode-kwhite/2021/Day-1/Part-1/src/index.ts">
      <metrics statements="20" coveredstatements="20" conditionals="8" coveredconditionals="8" methods="8" coveredmethods="8"/>
      <line num="1" count="14" type="stmt"/>
      <line num="3" count="128" type="cond" truecount="2" falsecount="0"/>
      <line num="4" count="2014" type="cond" truecount="2" falsecount="0"/>
      <line num="5" count="1696" type="stmt"/>
      <line num="6" count="96453" type="cond" truecount="4" falsecount="0"/>
      <line num="7" count="132072" type="stmt"/>
      <line num="8" count="50670" type="stmt"/>
      <line num="9" count="17058" type="stmt"/>
      <line num="10" count="22027" type="stmt"/>
      <line num="11" count="6657" type="stmt"/>
      <line num="12" count="2154" type="stmt"/>
      <line num="14" count="2014" type="stmt"/>
      <line num="15" count="18096" type="stmt"/>
      <line num="16" count="96411" type="stmt"/>
      <line num="18" count="138537" type="stmt"/>
      <line num="19" count="138537" type="stmt"/>
      <line num="21" count="42165" type="stmt"/>
      <line num="22" count="145" type="stmt"/>
      <line num="23" count="63" type="stmt"/>
      <line num="24" count="48" type="stmt"/>
    </file>
  </project>
</coverage>
