{"/Users/kristian.white/Projects/personal/adventofcode-kwhite/2021/Day-1/Part-1/src/index.ts": {"path":"/Users/kristian.white/Projects/personal/adventofcode-kwhite/2021/Day-1/Part-1/src/index.ts","statementMap":{"0":{"start":{"line":3,"column":0},"end":{"line":3,"column":null}},"1":{"start":{"line":4,"column":0},"end":{"line":4,"column":null}},"2":{"start":{"line":5,"column":29},"end":{"line":10,"column":null}},"3":{"start":{"line":6,"column":2},"end":{"line":8,"column":null}},"4":{"start":{"line":7,"column":4},"end":{"line":7,"column":null}},"5":{"start":{"line":9,"column":2},"end":{"line":9,"column":null}},"6":{"start":{"line":11,"column":20},"end":{"line":22,"column":null}},"7":{"start":{"line":12,"column":30},"end":{"line":12,"column":null}},"8":{"start":{"line":14,"column":2},"end":{"line":19,"column":null}},"9":{"start":{"line":14,"column":15},"end":{"line":14,"column":18}},"10":{"start":{"line":15,"column":15},"end":{"line":15,"column":null}},"11":{"start":{"line":16,"column":15},"end":{"line":16,"column":null}},"12":{"start":{"line":18,"column":4},"end":{"line":18,"column":null}},"13":{"start":{"line":21,"column":2},"end":{"line":21,"column":null}},"14":{"start":{"line":23,"column":30},"end":{"line":23,"column":null}},"15":{"start":{"line":24,"column":0},"end":{"line":24,"column":null}},"16":{"start":{"line":5,"column":29},"end":{"line":11,"column":13}},"17":{"start":{"line":10,"column":0},"end":{"line":10,"column":null}},"18":{"start":{"line":12,"column":6},"end":{"line":23,"column":6}},"19":{"start":{"line":14,"column":28},"end":{"line":14,"column":37}},"20":{"start":{"line":15,"column":4},"end":{"line":21,"column":9}},"21":{"start":{"line":15,"column":15},"end":{"line":15,"column":20}},"22":{"start":{"line":16,"column":15},"end":{"line":16,"column":24}},"23":{"start":{"line":18,"column":4},"end":{"line":18,"column":28}},"24":{"start":{"line":19,"column":2},"end":{"line":19,"column":null}},"25":{"start":{"line":22,"column":0},"end":{"line":22,"column":null}},"26":{"start":{"line":24,"column":12},"end":{"line":24,"column":40}},"27":{"start":{"line":5,"column":29},"end":{"line":12,"column":6}},"28":{"start":{"line":6,"column":2},"end":{"line":9,"column":9}},"29":{"start":{"line":8,"column":2},"end":{"line":8,"column":null}},"30":{"start":{"line":11,"column":7},"end":{"line":11,"column":20}},"31":{"start":{"line":14,"column":18},"end":{"line":24,"column":8}},"32":{"start":{"line":15,"column":20},"end":{"line":15,"column":null}},"33":{"start":{"line":16,"column":4},"end":{"line":22,"column":null}},"34":{"start":{"line":16,"column":15},"end":{"line":16,"column":20}},"35":{"start":{"line":23,"column":0},"end":{"line":23,"column":35}},"36":{"start":{"line":23,"column":0},"end":{"line":23,"column":null}},"37":{"start":{"line":12,"column":6},"end":{"line":12,"column":30}},"38":{"start":{"line":18,"column":4},"end":{"line":18,"column":75}},"39":{"start":{"line":1,"column":21},"end":{"line":7,"column":15}},"40":{"start":{"line":3,"column":0},"end":{"line":5,"column":13}},"41":{"start":{"line":4,"column":0},"end":{"line":4,"column":28}},"42":{"start":{"line":6,"column":2},"end":{"line":6,"column":19}},"43":{"start":{"line":8,"column":2},"end":{"line":18,"column":28}},"44":{"start":{"line":9,"column":9},"end":{"line":9,"column":null}},"45":{"start":{"line":10,"column":0},"end":{"line":15,"column":8}},"46":{"start":{"line":11,"column":13},"end":{"line":11,"column":45}},"47":{"start":{"line":14,"column":2},"end":{"line":14,"column":null}},"48":{"start":{"line":16,"column":4},"end":{"line":16,"column":null}},"49":{"start":{"line":3,"column":28},"end":{"line":7,"column":null}},"50":{"start":{"line":4,"column":0},"end":{"line":6,"column":6}},"51":{"start":{"line":5,"column":7},"end":{"line":5,"column":29}},"52":{"start":{"line":9,"column":9},"end":{"line":18,"column":null}},"53":{"start":{"line":11,"column":7},"end":{"line":16,"column":8}},"54":{"start":{"line":11,"column":13},"end":{"line":11,"column":20}},"55":{"start":{"line":14,"column":15},"end":{"line":14,"column":28}},"56":{"start":{"line":15,"column":4},"end":{"line":15,"column":null}},"57":{"start":{"line":18,"column":4},"end":{"line":18,"column":42}},"58":{"start":{"line":21,"column":9},"end":{"line":21,"column":null}}},"fnMap":{"0":{"name":"(anonymous_0)","decl":{"start":{"line":5,"column":29},"end":{"line":5,"column":30}},"loc":{"start":{"line":5,"column":78},"end":{"line":10,"column":null}}},"1":{"name":"(anonymous_1)","decl":{"start":{"line":11,"column":20},"end":{"line":11,"column":21}},"loc":{"start":{"line":11,"column":45},"end":{"line":22,"column":null}}},"2":{"name":"(anonymous_1)","decl":{"start":{"line":12,"column":6},"end":{"line":12,"column":30}},"loc":{"start":{"line":12,"column":30},"end":{"line":23,"column":6}}},"3":{"name":"(anonymous_1)","decl":{"start":{"line":14,"column":18},"end":{"line":14,"column":23}},"loc":{"start":{"line":14,"column":28},"end":{"line":24,"column":8}}},"4":{"name":"(anonymous_0)","decl":{"start":{"line":1,"column":21},"end":{"line":1,"column":null}},"loc":{"start":{"line":1,"column":21},"end":{"line":7,"column":15}}},"5":{"name":"(anonymous_1)","decl":{"start":{"line":8,"column":2},"end":{"line":8,"column":null}},"loc":{"start":{"line":8,"column":2},"end":{"line":18,"column":28}}},"6":{"name":"(anonymous_0)","decl":{"start":{"line":3,"column":28},"end":{"line":3,"column":32}},"loc":{"start":{"line":3,"column":32},"end":{"line":7,"column":null}}},"7":{"name":"(anonymous_1)","decl":{"start":{"line":9,"column":9},"end":{"line":9,"column":null}},"loc":{"start":{"line":9,"column":9},"end":{"line":18,"column":null}}}},"branchMap":{"0":{"loc":{"start":{"line":6,"column":2},"end":{"line":8,"column":null}},"type":"if","locations":[{"start":{"line":6,"column":2},"end":{"line":8,"column":null}},{"start":{"line":6,"column":2},"end":{"line":8,"column":null}}]},"1":{"loc":{"start":{"line":6,"column":2},"end":{"line":9,"column":9}},"type":"if","locations":[{"start":{"line":6,"column":2},"end":{"line":9,"column":9}},{"start":{"line":6,"column":2},"end":{"line":9,"column":9}}]},"2":{"loc":{"start":{"line":3,"column":0},"end":{"line":5,"column":13}},"type":"if","locations":[{"start":{"line":3,"column":0},"end":{"line":5,"column":13}},{"start":{"line":3,"column":0},"end":{"line":5,"column":13}}]},"3":{"loc":{"start":{"line":4,"column":0},"end":{"line":6,"column":6}},"type":"if","locations":[{"start":{"line":4,"column":0},"end":{"line":6,"column":6}},{"start":{"line":4,"column":0},"end":{"line":6,"column":6}}]}},"s":{"0":91,"1":91,"2":22,"3":96453,"4":132072,"5":17058,"6":22,"7":27,"8":39,"9":39,"10":18096,"11":18096,"12":18060,"13":42165,"14":9,"15":9,"16":48,"17":22027,"18":48,"19":144,"20":144,"21":144,"22":96411,"23":138537,"24":138537,"25":145,"26":48,"27":21,"28":60180,"29":50670,"30":6657,"31":21,"32":63,"33":63,"34":63,"35":63,"36":7,"37":2154,"38":36,"39":14,"40":128,"41":62,"42":66,"43":14,"44":28,"45":28,"46":128,"47":128,"48":28,"49":1,"50":2014,"51":1696,"52":1,"53":3,"54":3,"55":2014,"56":2014,"57":3,"58":1},"f":{"0":156633,"1":39,"2":144,"3":63,"4":128,"5":28,"6":2014,"7":3},"b":{"0":[81084,15369],"1":[4320462,810886],"2":[157,184],"3":[1696,318]}}
}
